[0m[[0minfo[0m] [0mLoading project definition from /home/gokul/Documents/DOS/Facebook/project[0m
[0m[[0minfo[0m] [0mSet current project to facebook (in build file:/home/gokul/Documents/DOS/Facebook/)[0m
> run
[0m[[0minfo[0m] [0mCompiling 2 Scala sources to /home/gokul/Documents/DOS/Facebook/target/scala-2.11/classes...[0m
[0m[[0minfo[0m] [0mRunning Facebook [0m
INFO  [Slf4jLogger]: Slf4jLogger started
REST interface bound to /0:0:0:0:0:0:0:0:5001
INFO  [HttpListener]: Bound to /0.0.0.0:5001
In Initiate Friends100
List(5)
List(37)
List(38)
List(66)
List(94)
List(34)
List(87)
List(54)
List(29)
List(65)
Profile(34,1974-4-25,List(abcdef@facebook.com),dummy,Female,dummy,faoisyfowefhjkasdnfkasdhuoiusof,List(34),List(5))
Profile(54,1991-10-23,List(abcdef@facebook.com),dummy,Male,dummy,faoisyfowefhjkasdnfkasdhuoiusof,List(54),List(90))
List(25)
Profile(25,1961-7-17,List(abcdef@facebook.com),dummy,Male,dummy,faoisyfowefhjkasdnfkasdhuoiusof,List(25),List(93))
List(72)
List(0)
Profile(72,1972-2-13,List(abcdef@facebook.com),dummy,Female,dummy,faoisyfowefhjkasdnfkasdhuoiusof,List(72),List(98))
Profile(65,1980-11-26,List(abcdef@facebook.com),dummy,Female,dummy,faoisyfowefhjkasdnfkasdhuoiusof,List(65),List(92))
Profile(29,1986-11-19,List(abcdef@facebook.com),dummy,Female,dummy,faoisyfowefhjkasdnfkasdhuoiusof,List(29),List(91))
Profile(0,1995-3-21,List(abcdef@facebook.com),dummy,Male,dummy,faoisyfowefhjkasdnfkasdhuoiusof,List(0),List(113))
List(96)
Profile(96,1983-7-12,List(abcdef@facebook.com),dummy,Female,dummy,faoisyfowefhjkasdnfkasdhuoiusof,List(96),List(158))
List(47)
List(3)
Profile(3,1981-3-4,List(abcdef@facebook.com),dummy,Male,dummy,faoisyfowefhjkasdnfkasdhuoiusof,List(3),List(175))
Profile(47,1988-6-15,List(abcdef@facebook.com),dummy,Female,dummy,faoisyfowefhjkasdnfkasdhuoiusof,List(47),List(174))
List(52)
Profile(52,1987-11-19,List(abcdef@facebook.com),dummy,Female,dummy,faoisyfowefhjkasdnfkasdhuoiusof,List(52),List(176))
List(84)
List(80)
List(62)
Profile(80,1996-12-7,List(abcdef@facebook.com),dummy,Female,dummy,faoisyfowefhjkasdnfkasdhuoiusof,List(80),List(188))
Profile(62,1974-7-14,List(abcdef@facebook.com),dummy,Female,dummy,faoisyfowefhjkasdnfkasdhuoiusof,List(62),List(185))
List(19)
Profile(84,1978-6-29,List(abcdef@facebook.com),dummy,Male,dummy,faoisyfowefhjkasdnfkasdhuoiusof,List(84),List(227))
List(68)
Profile(19,1988-11-25,List(abcdef@facebook.com),dummy,Female,dummy,faoisyfowefhjkasdnfkasdhuoiusof,List(19),List(266))
Profile(94,1989-5-6,List(abcdef@facebook.com),dummy,Female,dummy,faoisyfowefhjkasdnfkasdhuoiusof,List(94),List(0))
List(10)
Profile(38,1989-11-1,List(abcdef@facebook.com),dummy,Female,dummy,faoisyfowefhjkasdnfkasdhuoiusof,List(38),List(1))
List(67)
Profile(67,1994-3-11,List(abcdef@facebook.com),dummy,Female,dummy,faoisyfowefhjkasdnfkasdhuoiusof,List(67),List(310))
List(70)
List(23)
Profile(23,1966-10-21,List(abcdef@facebook.com),dummy,Female,dummy,faoisyfowefhjkasdnfkasdhuoiusof,List(23),List(260))
Profile(70,1959-7-23,List(abcdef@facebook.com),dummy,Male,dummy,faoisyfowefhjkasdnfkasdhuoiusof,List(70),List(311))
Profile(37,1960-6-9,List(abcdef@facebook.com),dummy,Male,dummy,faoisyfowefhjkasdnfkasdhuoiusof,List(37),List(4))
List(43)
List(54)
List(27)
Profile(68,1984-2-5,List(abcdef@facebook.com),dummy,Male,dummy,faoisyfowefhjkasdnfkasdhuoiusof,List(68),List(299))
Profile(54,1991-10-23,List(abcdef@facebook.com),dummy,Male,dummy,faoisyfowefhjkasdnfkasdhuoiusof,List(54),List(315, 90))
List(84)
Profile(27,1983-2-19,List(abcdef@facebook.com),dummy,Male,dummy,faoisyfowefhjkasdnfkasdhuoiusof,List(27),List(316))
List(58)
List(68)
Profile(58,1988-2-6,List(abcdef@facebook.com),dummy,Male,dummy,faoisyfowefhjkasdnfkasdhuoiusof,List(58),List(318))
List(68)
List(85)
Profile(10,1958-8-25,List(abcdef@facebook.com),dummy,Male,dummy,faoisyfowefhjkasdnfkasdhuoiusof,List(10),List(308))
Profile(85,1958-5-29,List(abcdef@facebook.com),dummy,Female,dummy,faoisyfowefhjkasdnfkasdhuoiusof,List(85),List(312))
List(8)
Profile(68,1984-2-5,List(abcdef@facebook.com),dummy,Male,dummy,faoisyfowefhjkasdnfkasdhuoiusof,List(68),List(319, 299))
Profile(87,1989-5-1,List(abcdef@facebook.com),dummy,Male,dummy,faoisyfowefhjkasdnfkasdhuoiusof,List(87),List(88))
List(76)
List(16)
Profile(43,1970-7-3,List(abcdef@facebook.com),dummy,Female,dummy,faoisyfowefhjkasdnfkasdhuoiusof,List(43),List(313))
Profile(16,1957-10-7,List(abcdef@facebook.com),dummy,Male,dummy,faoisyfowefhjkasdnfkasdhuoiusof,List(16),List(322))
List(20)
List(69)
Profile(5,1991-8-7,List(abcdef@facebook.com),dummy,Female,dummy,faoisyfowefhjkasdnfkasdhuoiusof,List(5),List(3))
List(45)
Profile(69,1970-8-7,List(abcdef@facebook.com),dummy,Male,dummy,faoisyfowefhjkasdnfkasdhuoiusof,List(69),List(314))
List(79)
Profile(45,1974-12-25,List(abcdef@facebook.com),dummy,Male,dummy,faoisyfowefhjkasdnfkasdhuoiusof,List(45),List(325))
Profile(79,1993-11-18,List(abcdef@facebook.com),dummy,Female,dummy,faoisyfowefhjkasdnfkasdhuoiusof,List(79),List(326))
List(91)
Profile(8,1983-2-17,List(abcdef@facebook.com),dummy,Male,dummy,faoisyfowefhjkasdnfkasdhuoiusof,List(8),List(309))
List(16)
Profile(84,1978-6-29,List(abcdef@facebook.com),dummy,Male,dummy,faoisyfowefhjkasdnfkasdhuoiusof,List(84),List(317, 227))
List(52)
Profile(91,1964-10-5,List(abcdef@facebook.com),dummy,Male,dummy,faoisyfowefhjkasdnfkasdhuoiusof,List(91),List(327))
Profile(52,1987-11-19,List(abcdef@facebook.com),dummy,Female,dummy,faoisyfowefhjkasdnfkasdhuoiusof,List(52),List(330, 176))
List(63)
List(64)
Profile(63,1959-7-29,List(abcdef@facebook.com),dummy,Male,dummy,faoisyfowefhjkasdnfkasdhuoiusof,List(63),List(351))
Profile(64,1982-5-14,List(abcdef@facebook.com),dummy,Male,dummy,faoisyfowefhjkasdnfkasdhuoiusof,List(64),List(353))
List(64)
List(26)
Profile(76,1990-3-9,List(abcdef@facebook.com),dummy,Female,dummy,faoisyfowefhjkasdnfkasdhuoiusof,List(76),List(321))
Profile(64,1982-5-14,List(abcdef@facebook.com),dummy,Male,dummy,faoisyfowefhjkasdnfkasdhuoiusof,List(64),List(390, 353))
Profile(26,1966-3-25,List(abcdef@facebook.com),dummy,Male,dummy,faoisyfowefhjkasdnfkasdhuoiusof,List(26),List(403))
List(94)
List(82)
Profile(20,1991-12-15,List(abcdef@facebook.com),dummy,Female,dummy,faoisyfowefhjkasdnfkasdhuoiusof,List(20),List(323))
List(81)
List(31)
Profile(94,1989-5-6,List(abcdef@facebook.com),dummy,Female,dummy,faoisyfowefhjkasdnfkasdhuoiusof,List(94),List(434, 0))
List(77)
List(54)
Profile(31,1959-10-25,List(abcdef@facebook.com),dummy,Male,dummy,faoisyfowefhjkasdnfkasdhuoiusof,List(31),List(443))
List(27)
List(86)
List(86)
Profile(54,1991-10-23,List(abcdef@facebook.com),dummy,Male,dummy,faoisyfowefhjkasdnfkasdhuoiusof,List(54),List(485, 315, 90))
Profile(86,1975-7-29,List(abcdef@facebook.com),dummy,Female,dummy,faoisyfowefhjkasdnfkasdhuoiusof,List(86),List(9))
List(2)
Profile(16,1957-10-7,List(abcdef@facebook.com),dummy,Male,dummy,faoisyfowefhjkasdnfkasdhuoiusof,List(16),List(328, 322))
Profile(2,1987-3-31,List(abcdef@facebook.com),dummy,Male,dummy,faoisyfowefhjkasdnfkasdhuoiusof,List(2),List(476))
List(32)
Profile(82,1971-3-27,List(abcdef@facebook.com),dummy,Female,dummy,faoisyfowefhjkasdnfkasdhuoiusof,List(82),List(442))
List(35)
List(85)
Profile(85,1958-5-29,List(abcdef@facebook.com),dummy,Female,dummy,faoisyfowefhjkasdnfkasdhuoiusof,List(85),List(13))
List(86)
List(43)
Profile(32,1969-6-25,List(abcdef@facebook.com),dummy,Male,dummy,faoisyfowefhjkasdnfkasdhuoiusof,List(32),List(15))
Profile(43,1970-7-3,List(abcdef@facebook.com),dummy,Female,dummy,faoisyfowefhjkasdnfkasdhuoiusof,List(43),List(17))
List(42)
List(33)
List(61)
List(10)
List(49)
Profile(33,1984-4-12,List(abcdef@facebook.com),dummy,Female,dummy,faoisyfowefhjkasdnfkasdhuoiusof,List(33),List(11))
List(49)
List(82)
List(80)
List(14)
Profile(77,1972-8-11,List(abcdef@facebook.com),dummy,Male,dummy,faoisyfowefhjkasdnfkasdhuoiusof,List(77),List(379))
List(41)
Profile(41,1983-3-22,List(abcdef@facebook.com),dummy,Male,dummy,faoisyfowefhjkasdnfkasdhuoiusof,List(41),List(29))
List(31)
List(95)
Profile(95,1997-7-12,List(abcdef@facebook.com),dummy,Female,dummy,faoisyfowefhjkasdnfkasdhuoiusof,List(95),List(31))
List(20)
List(64)
Profile(42,1963-1-21,List(abcdef@facebook.com),dummy,Female,dummy,faoisyfowefhjkasdnfkasdhuoiusof,List(42),List(19))
List(63)
List(5)
List(70)
List(71)
List(47)
List(24)
Profile(86,1975-7-29,List(abcdef@facebook.com),dummy,Female,dummy,faoisyfowefhjkasdnfkasdhuoiusof,List(86),List(12))
List(66)
List(33)
List(54)
List(89)
List(84)
List(6)
Profile(64,1982-5-14,List(abcdef@facebook.com),dummy,Male,dummy,faoisyfowefhjkasdnfkasdhuoiusof,List(64),List(28))
Profile(84,1978-6-29,List(abcdef@facebook.com),dummy,Male,dummy,faoisyfowefhjkasdnfkasdhuoiusof,List(84),List(43))
List(91)
Profile(91,1964-10-5,List(abcdef@facebook.com),dummy,Male,dummy,faoisyfowefhjkasdnfkasdhuoiusof,List(91),List(46))
List(64)
List(48)
Profile(48,1989-10-19,List(abcdef@facebook.com),dummy,Female,dummy,faoisyfowefhjkasdnfkasdhuoiusof,List(48),List(48))
List(84)
List(94)
List(89)
Profile(89,1996-1-22,List(abcdef@facebook.com),dummy,Female,dummy,faoisyfowefhjkasdnfkasdhuoiusof,List(89),List(51))
List(63)
Profile(24,1970-12-9,List(abcdef@facebook.com),dummy,Female,dummy,faoisyfowefhjkasdnfkasdhuoiusof,List(24),List(18))
Profile(63,1959-7-29,List(abcdef@facebook.com),dummy,Male,dummy,faoisyfowefhjkasdnfkasdhuoiusof,List(63),List(52))
List(58)
List(0)
List(19)
Profile(5,1991-8-7,List(abcdef@facebook.com),dummy,Female,dummy,faoisyfowefhjkasdnfkasdhuoiusof,List(5),List(24))
List(71)
List(30)
List(19)
List(55)
List(16)
List(68)
List(71)
List(74)
List(21)
List(68)
Profile(19,1988-11-25,List(abcdef@facebook.com),dummy,Female,dummy,faoisyfowefhjkasdnfkasdhuoiusof,List(19),List(56))
List(9)
List(90)
List(70)
List(67)
List(17)
List(82)
List(25)
List(84)
List(73)
Profile(67,1994-3-11,List(abcdef@facebook.com),dummy,Female,dummy,faoisyfowefhjkasdnfkasdhuoiusof,List(67),List(68))
List(9)
List(23)
List(36)
List(14)
List(95)
List(77)
List(56)
List(58)
List(74)
List(16)
List(77)
List(97)
Profile(16,1957-10-7,List(abcdef@facebook.com),dummy,Male,dummy,faoisyfowefhjkasdnfkasdhuoiusof,List(16),List(34))
Profile(97,1968-11-6,List(abcdef@facebook.com),dummy,Female,dummy,faoisyfowefhjkasdnfkasdhuoiusof,List(97),List(85))
List(30)
List(85)
List(33)
Profile(30,1958-3-21,List(abcdef@facebook.com),dummy,Female,dummy,faoisyfowefhjkasdnfkasdhuoiusof,List(30),List(94))
List(71)
Profile(19,1988-11-25,List(abcdef@facebook.com),dummy,Female,dummy,faoisyfowefhjkasdnfkasdhuoiusof,List(19),List(38))
List(96)
Profile(71,1969-9-25,List(abcdef@facebook.com),dummy,Male,dummy,faoisyfowefhjkasdnfkasdhuoiusof,List(71),List(97))
Profile(96,1983-7-12,List(abcdef@facebook.com),dummy,Female,dummy,faoisyfowefhjkasdnfkasdhuoiusof,List(96),List(99))
Profile(14,1989-3-31,List(abcdef@facebook.com),dummy,Male,dummy,faoisyfowefhjkasdnfkasdhuoiusof,List(14),List(21))
List(2)
List(34)
Profile(34,1974-4-25,List(abcdef@facebook.com),dummy,Female,dummy,faoisyfowefhjkasdnfkasdhuoiusof,List(34),List(105, 5))
List(26)
List(52)
Profile(2,1987-3-31,List(abcdef@facebook.com),dummy,Male,dummy,faoisyfowefhjkasdnfkasdhuoiusof,List(2),List(104))
List(46)
List(18)
Profile(46,1962-2-19,List(abcdef@facebook.com),dummy,Male,dummy,faoisyfowefhjkasdnfkasdhuoiusof,List(46),List(108))
Profile(18,1959-10-25,List(abcdef@facebook.com),dummy,Female,dummy,faoisyfowefhjkasdnfkasdhuoiusof,List(18),List(107))
Profile(84,1978-6-29,List(abcdef@facebook.com),dummy,Male,dummy,faoisyfowefhjkasdnfkasdhuoiusof,List(84),List(50))
List(24)
List(70)
List(16)
Profile(16,1957-10-7,List(abcdef@facebook.com),dummy,Male,dummy,faoisyfowefhjkasdnfkasdhuoiusof,List(16),List(102))
List(71)
Profile(70,1959-7-23,List(abcdef@facebook.com),dummy,Male,dummy,faoisyfowefhjkasdnfkasdhuoiusof,List(70),List(111))
List(74)
Profile(74,1958-2-24,List(abcdef@facebook.com),dummy,Male,dummy,faoisyfowefhjkasdnfkasdhuoiusof,List(74),List(114))
List(99)
List(13)
Profile(99,1957-3-28,List(abcdef@facebook.com),dummy,Female,dummy,faoisyfowefhjkasdnfkasdhuoiusof,List(99),List(115))
Profile(13,1991-12-19,List(abcdef@facebook.com),dummy,Male,dummy,faoisyfowefhjkasdnfkasdhuoiusof,List(13),List(117))
List(24)
List(14)
List(83)
Profile(83,1963-12-18,List(abcdef@facebook.com),dummy,Male,dummy,faoisyfowefhjkasdnfkasdhuoiusof,List(83),List(120))
List(2)
Profile(2,1987-3-31,List(abcdef@facebook.com),dummy,Male,dummy,faoisyfowefhjkasdnfkasdhuoiusof,List(2),List(121))
List(74)
Profile(74,1958-2-24,List(abcdef@facebook.com),dummy,Male,dummy,faoisyfowefhjkasdnfkasdhuoiusof,List(74),List(122))
List(84)
List(63)
Profile(63,1959-7-29,List(abcdef@facebook.com),dummy,Male,dummy,faoisyfowefhjkasdnfkasdhuoiusof,List(63),List(125))
List(6)
List(62)
Profile(6,1972-7-9,List(abcdef@facebook.com),dummy,Female,dummy,faoisyfowefhjkasdnfkasdhuoiusof,List(6),List(103))
List(31)
List(96)
Profile(31,1959-10-25,List(abcdef@facebook.com),dummy,Male,dummy,faoisyfowefhjkasdnfkasdhuoiusof,List(31),List(87))
List(84)
Profile(96,1983-7-12,List(abcdef@facebook.com),dummy,Female,dummy,faoisyfowefhjkasdnfkasdhuoiusof,List(96),List(126))
Profile(33,1984-4-12,List(abcdef@facebook.com),dummy,Female,dummy,faoisyfowefhjkasdnfkasdhuoiusof,List(33),List(96))
List(88)
List(62)
List(36)
List(40)
List(35)
List(98)
List(75)
List(44)
List(83)
List(75)
Profile(36,1976-2-10,List(abcdef@facebook.com),dummy,Female,dummy,faoisyfowefhjkasdnfkasdhuoiusof,List(36),List(129))
List(95)
List(68)
List(90)
List(52)
List(46)
Profile(83,1963-12-18,List(abcdef@facebook.com),dummy,Male,dummy,faoisyfowefhjkasdnfkasdhuoiusof,List(83),List(136))
List(76)
List(64)
Profile(62,1974-7-14,List(abcdef@facebook.com),dummy,Female,dummy,faoisyfowefhjkasdnfkasdhuoiusof,List(62),List(100))
Profile(14,1989-3-31,List(abcdef@facebook.com),dummy,Male,dummy,faoisyfowefhjkasdnfkasdhuoiusof,List(14),List(119))
List(92)
Profile(92,1995-1-4,List(abcdef@facebook.com),dummy,Male,dummy,faoisyfowefhjkasdnfkasdhuoiusof,List(92),List(150))
Profile(26,1966-3-25,List(abcdef@facebook.com),dummy,Male,dummy,faoisyfowefhjkasdnfkasdhuoiusof,List(26),List(106))
List(86)
List(60)
Profile(24,1970-12-9,List(abcdef@facebook.com),dummy,Female,dummy,faoisyfowefhjkasdnfkasdhuoiusof,List(24),List(110))
List(12)
Profile(60,1986-4-14,List(abcdef@facebook.com),dummy,Male,dummy,faoisyfowefhjkasdnfkasdhuoiusof,List(60),List(153))
Profile(12,1989-2-20,List(abcdef@facebook.com),dummy,Female,dummy,faoisyfowefhjkasdnfkasdhuoiusof,List(12),List(109))
List(19)
List(73)
List(17)
Profile(73,1986-2-12,List(abcdef@facebook.com),dummy,Male,dummy,faoisyfowefhjkasdnfkasdhuoiusof,List(73),List(155))
List(17)
Profile(17,1988-6-9,List(abcdef@facebook.com),dummy,Female,dummy,faoisyfowefhjkasdnfkasdhuoiusof,List(17),List(159))
List(58)
List(69)
List(47)
List(19)
List(86)
List(49)
List(97)
List(48)
Profile(49,1970-8-14,List(abcdef@facebook.com),dummy,Male,dummy,faoisyfowefhjkasdnfkasdhuoiusof,List(49),List(128))
List(48)
Profile(97,1968-11-6,List(abcdef@facebook.com),dummy,Female,dummy,faoisyfowefhjkasdnfkasdhuoiusof,List(97),List(132))
List(88)
List(60)
Profile(88,1996-9-9,List(abcdef@facebook.com),dummy,Female,dummy,faoisyfowefhjkasdnfkasdhuoiusof,List(88),List(167))
List(69)
List(12)
List(40)
List(19)
List(49)
List(9)
Profile(60,1986-4-14,List(abcdef@facebook.com),dummy,Male,dummy,faoisyfowefhjkasdnfkasdhuoiusof,List(60),List(168))
List(0)
Profile(9,1971-5-29,List(abcdef@facebook.com),dummy,Female,dummy,faoisyfowefhjkasdnfkasdhuoiusof,List(9),List(169))
List(20)
Profile(20,1991-12-15,List(abcdef@facebook.com),dummy,Female,dummy,faoisyfowefhjkasdnfkasdhuoiusof,List(20),List(179))
Profile(0,1995-3-21,List(abcdef@facebook.com),dummy,Male,dummy,faoisyfowefhjkasdnfkasdhuoiusof,List(0),List(178, 113))
Profile(86,1975-7-29,List(abcdef@facebook.com),dummy,Female,dummy,faoisyfowefhjkasdnfkasdhuoiusof,List(86),List(152))
List(93)
List(73)
Profile(93,1971-7-9,List(abcdef@facebook.com),dummy,Male,dummy,faoisyfowefhjkasdnfkasdhuoiusof,List(93),List(182))
Profile(73,1986-2-12,List(abcdef@facebook.com),dummy,Male,dummy,faoisyfowefhjkasdnfkasdhuoiusof,List(73),List(184))
List(82)
List(64)
Profile(82,1971-3-27,List(abcdef@facebook.com),dummy,Female,dummy,faoisyfowefhjkasdnfkasdhuoiusof,List(82),List(186))
List(45)
Profile(17,1988-6-9,List(abcdef@facebook.com),dummy,Female,dummy,faoisyfowefhjkasdnfkasdhuoiusof,List(17),List(157))
Profile(47,1988-6-15,List(abcdef@facebook.com),dummy,Female,dummy,faoisyfowefhjkasdnfkasdhuoiusof,List(47),List(148))
List(33)
Profile(45,1974-12-25,List(abcdef@facebook.com),dummy,Male,dummy,faoisyfowefhjkasdnfkasdhuoiusof,List(45),List(189))
List(31)
List(55)
List(18)
List(48)
List(92)
List(10)
List(43)
Profile(55,1980-1-12,List(abcdef@facebook.com),dummy,Male,dummy,faoisyfowefhjkasdnfkasdhuoiusof,List(55),List(180))
List(35)
List(76)
List(16)
List(91)
Profile(48,1989-10-19,List(abcdef@facebook.com),dummy,Female,dummy,faoisyfowefhjkasdnfkasdhuoiusof,List(48),List(165))
List(74)
List(15)
Profile(16,1957-10-7,List(abcdef@facebook.com),dummy,Male,dummy,faoisyfowefhjkasdnfkasdhuoiusof,List(16),List(200))
List(64)
Profile(15,1973-4-5,List(abcdef@facebook.com),dummy,Female,dummy,faoisyfowefhjkasdnfkasdhuoiusof,List(15),List(204))
List(74)
List(85)
Profile(74,1958-2-24,List(abcdef@facebook.com),dummy,Male,dummy,faoisyfowefhjkasdnfkasdhuoiusof,List(74),List(207))
List(91)
List(35)
Profile(85,1958-5-29,List(abcdef@facebook.com),dummy,Female,dummy,faoisyfowefhjkasdnfkasdhuoiusof,List(85),List(208))
Profile(91,1964-10-5,List(abcdef@facebook.com),dummy,Male,dummy,faoisyfowefhjkasdnfkasdhuoiusof,List(91),List(209))
Profile(35,1962-2-14,List(abcdef@facebook.com),dummy,Male,dummy,faoisyfowefhjkasdnfkasdhuoiusof,List(35),List(210))
List(43)
List(23)
List(59)
List(60)
Profile(59,1983-4-17,List(abcdef@facebook.com),dummy,Female,dummy,faoisyfowefhjkasdnfkasdhuoiusof,List(59),List(214))
Profile(60,1986-4-14,List(abcdef@facebook.com),dummy,Male,dummy,faoisyfowefhjkasdnfkasdhuoiusof,List(60),List(215))
List(91)
List(63)
List(69)
Profile(91,1964-10-5,List(abcdef@facebook.com),dummy,Male,dummy,faoisyfowefhjkasdnfkasdhuoiusof,List(91),List(212))
List(71)
Profile(69,1970-8-7,List(abcdef@facebook.com),dummy,Male,dummy,faoisyfowefhjkasdnfkasdhuoiusof,List(69),List(193))
List(65)
List(25)
List(76)
List(16)
List(69)
List(49)
List(20)
Profile(76,1990-3-9,List(abcdef@facebook.com),dummy,Female,dummy,faoisyfowefhjkasdnfkasdhuoiusof,List(76),List(211))
List(36)
List(13)
List(22)
List(21)
Profile(49,1970-8-14,List(abcdef@facebook.com),dummy,Male,dummy,faoisyfowefhjkasdnfkasdhuoiusof,List(49),List(221))
List(33)
List(82)
Profile(13,1991-12-19,List(abcdef@facebook.com),dummy,Male,dummy,faoisyfowefhjkasdnfkasdhuoiusof,List(13),List(224))
List(3)
Profile(33,1984-4-12,List(abcdef@facebook.com),dummy,Female,dummy,faoisyfowefhjkasdnfkasdhuoiusof,List(33),List(164))
Profile(65,1980-11-26,List(abcdef@facebook.com),dummy,Female,dummy,faoisyfowefhjkasdnfkasdhuoiusof,List(65),List(217, 92))
List(20)
List(60)
Profile(3,1981-3-4,List(abcdef@facebook.com),dummy,Male,dummy,faoisyfowefhjkasdnfkasdhuoiusof,List(3),List(231, 175))
Profile(60,1986-4-14,List(abcdef@facebook.com),dummy,Male,dummy,faoisyfowefhjkasdnfkasdhuoiusof,List(60),List(190))
List(19)
List(43)
List(54)
List(10)
Profile(54,1991-10-23,List(abcdef@facebook.com),dummy,Male,dummy,faoisyfowefhjkasdnfkasdhuoiusof,List(54),List(236, 90))
List(28)
Profile(10,1958-8-25,List(abcdef@facebook.com),dummy,Male,dummy,faoisyfowefhjkasdnfkasdhuoiusof,List(10),List(237))
List(8)
List(85)
Profile(28,1992-11-17,List(abcdef@facebook.com),dummy,Male,dummy,faoisyfowefhjkasdnfkasdhuoiusof,List(28),List(238))
List(57)
Profile(57,1968-9-2,List(abcdef@facebook.com),dummy,Female,dummy,faoisyfowefhjkasdnfkasdhuoiusof,List(57),List(240))
List(69)
Profile(69,1970-8-7,List(abcdef@facebook.com),dummy,Male,dummy,faoisyfowefhjkasdnfkasdhuoiusof,List(69),List(241))
List(62)
List(13)
Profile(62,1974-7-14,List(abcdef@facebook.com),dummy,Female,dummy,faoisyfowefhjkasdnfkasdhuoiusof,List(62),List(242))
List(68)
Profile(68,1984-2-5,List(abcdef@facebook.com),dummy,Male,dummy,faoisyfowefhjkasdnfkasdhuoiusof,List(68),List(244))
Profile(82,1971-3-27,List(abcdef@facebook.com),dummy,Female,dummy,faoisyfowefhjkasdnfkasdhuoiusof,List(82),List(229))
List(52)
List(17)
List(29)
List(6)
List(67)
List(6)
Profile(67,1994-3-11,List(abcdef@facebook.com),dummy,Female,dummy,faoisyfowefhjkasdnfkasdhuoiusof,List(67),List(250))
List(84)
List(47)
List(75)
Profile(8,1983-2-17,List(abcdef@facebook.com),dummy,Male,dummy,faoisyfowefhjkasdnfkasdhuoiusof,List(8),List(239))
List(47)
Profile(75,1975-2-20,List(abcdef@facebook.com),dummy,Female,dummy,faoisyfowefhjkasdnfkasdhuoiusof,List(75),List(245))
List(33)
Profile(6,1972-7-9,List(abcdef@facebook.com),dummy,Female,dummy,faoisyfowefhjkasdnfkasdhuoiusof,List(6),List(253))
List(59)
List(90)
Profile(33,1984-4-12,List(abcdef@facebook.com),dummy,Female,dummy,faoisyfowefhjkasdnfkasdhuoiusof,List(33),List(258))
Profile(59,1983-4-17,List(abcdef@facebook.com),dummy,Female,dummy,faoisyfowefhjkasdnfkasdhuoiusof,List(59),List(261))
List(67)
Profile(52,1987-11-19,List(abcdef@facebook.com),dummy,Female,dummy,faoisyfowefhjkasdnfkasdhuoiusof,List(52),List(233, 176))
List(23)
List(85)
List(39)
List(81)
List(71)
List(92)
List(93)
List(76)
Profile(13,1991-12-19,List(abcdef@facebook.com),dummy,Male,dummy,faoisyfowefhjkasdnfkasdhuoiusof,List(13),List(243))
List(67)
List(17)
Profile(63,1959-7-29,List(abcdef@facebook.com),dummy,Male,dummy,faoisyfowefhjkasdnfkasdhuoiusof,List(63),List(181))
Profile(90,1979-8-17,List(abcdef@facebook.com),dummy,Male,dummy,faoisyfowefhjkasdnfkasdhuoiusof,List(90),List(262))
List(61)
List(2)
Profile(61,1961-3-6,List(abcdef@facebook.com),dummy,Male,dummy,faoisyfowefhjkasdnfkasdhuoiusof,List(61),List(259))
Profile(2,1987-3-31,List(abcdef@facebook.com),dummy,Male,dummy,faoisyfowefhjkasdnfkasdhuoiusof,List(2),List(278))
List(46)
List(78)
Profile(78,1991-10-4,List(abcdef@facebook.com),dummy,Female,dummy,faoisyfowefhjkasdnfkasdhuoiusof,List(78),List(280))
List(33)
List(76)
Profile(76,1990-3-9,List(abcdef@facebook.com),dummy,Female,dummy,faoisyfowefhjkasdnfkasdhuoiusof,List(76),List(283))
List(66)
Profile(33,1984-4-12,List(abcdef@facebook.com),dummy,Female,dummy,faoisyfowefhjkasdnfkasdhuoiusof,List(33),List(281))
List(50)
Profile(50,1989-4-13,List(abcdef@facebook.com),dummy,Male,dummy,faoisyfowefhjkasdnfkasdhuoiusof,List(50),List(287))
List(30)
List(80)
Profile(30,1958-3-21,List(abcdef@facebook.com),dummy,Female,dummy,faoisyfowefhjkasdnfkasdhuoiusof,List(30),List(277))
Profile(92,1995-1-4,List(abcdef@facebook.com),dummy,Male,dummy,faoisyfowefhjkasdnfkasdhuoiusof,List(92),List(256))
List(1)
List(35)
List(62)
List(81)
List(60)
List(96)
List(14)
List(97)
List(28)
List(32)
List(74)
List(11)
List(25)
List(88)
List(92)
Profile(32,1969-6-25,List(abcdef@facebook.com),dummy,Male,dummy,faoisyfowefhjkasdnfkasdhuoiusof,List(32),List(298))
List(39)
List(83)
List(67)
List(26)
List(68)
Profile(68,1984-2-5,List(abcdef@facebook.com),dummy,Male,dummy,faoisyfowefhjkasdnfkasdhuoiusof,List(68),List(274))
List(14)
Profile(26,1966-3-25,List(abcdef@facebook.com),dummy,Male,dummy,faoisyfowefhjkasdnfkasdhuoiusof,List(26),List(332))
Profile(14,1989-3-31,List(abcdef@facebook.com),dummy,Male,dummy,faoisyfowefhjkasdnfkasdhuoiusof,List(14),List(334))
List(3)
Profile(3,1981-3-4,List(abcdef@facebook.com),dummy,Male,dummy,faoisyfowefhjkasdnfkasdhuoiusof,List(3),List(335, 175))
List(19)
List(95)
Profile(95,1997-7-12,List(abcdef@facebook.com),dummy,Female,dummy,faoisyfowefhjkasdnfkasdhuoiusof,List(95),List(338))
List(7)
Profile(67,1994-3-11,List(abcdef@facebook.com),dummy,Female,dummy,faoisyfowefhjkasdnfkasdhuoiusof,List(67),List(263))
Profile(7,1989-1-8,List(abcdef@facebook.com),dummy,Male,dummy,faoisyfowefhjkasdnfkasdhuoiusof,List(7),List(339))
List(66)
List(74)
List(2)
List(9)
List(67)
List(55)
List(18)
List(67)
List(51)
List(64)
List(62)
Profile(9,1971-5-29,List(abcdef@facebook.com),dummy,Female,dummy,faoisyfowefhjkasdnfkasdhuoiusof,List(9),List(342))
List(97)
List(69)
List(60)
List(81)
List(33)
Profile(97,1968-11-6,List(abcdef@facebook.com),dummy,Female,dummy,faoisyfowefhjkasdnfkasdhuoiusof,List(97),List(350))
List(67)
List(33)
List(84)
Profile(35,1962-2-14,List(abcdef@facebook.com),dummy,Male,dummy,faoisyfowefhjkasdnfkasdhuoiusof,List(35),List(289))
List(17)
List(56)
List(42)
Profile(80,1996-12-7,List(abcdef@facebook.com),dummy,Female,dummy,faoisyfowefhjkasdnfkasdhuoiusof,List(80),List(276))
Profile(56,1996-10-20,List(abcdef@facebook.com),dummy,Female,dummy,faoisyfowefhjkasdnfkasdhuoiusof,List(56),List(363))
List(45)
Profile(42,1963-1-21,List(abcdef@facebook.com),dummy,Female,dummy,faoisyfowefhjkasdnfkasdhuoiusof,List(42),List(364))
List(62)
List(44)
Profile(62,1974-7-14,List(abcdef@facebook.com),dummy,Female,dummy,faoisyfowefhjkasdnfkasdhuoiusof,List(62),List(366, 185))
List(15)
List(18)
Profile(15,1973-4-5,List(abcdef@facebook.com),dummy,Female,dummy,faoisyfowefhjkasdnfkasdhuoiusof,List(15),List(368))
Profile(18,1959-10-25,List(abcdef@facebook.com),dummy,Female,dummy,faoisyfowefhjkasdnfkasdhuoiusof,List(18),List(369))
List(51)
Profile(51,1971-9-24,List(abcdef@facebook.com),dummy,Male,dummy,faoisyfowefhjkasdnfkasdhuoiusof,List(51),List(370))
List(15)
Profile(44,1986-6-17,List(abcdef@facebook.com),dummy,Male,dummy,faoisyfowefhjkasdnfkasdhuoiusof,List(44),List(367))
List(33)
List(40)
Profile(40,1975-4-8,List(abcdef@facebook.com),dummy,Male,dummy,faoisyfowefhjkasdnfkasdhuoiusof,List(40),List(373))
List(83)
List(91)
Profile(83,1963-12-18,List(abcdef@facebook.com),dummy,Male,dummy,faoisyfowefhjkasdnfkasdhuoiusof,List(83),List(374))
List(71)
List(26)
List(32)
Profile(26,1966-3-25,List(abcdef@facebook.com),dummy,Male,dummy,faoisyfowefhjkasdnfkasdhuoiusof,List(26),List(380))
List(21)
Profile(32,1969-6-25,List(abcdef@facebook.com),dummy,Male,dummy,faoisyfowefhjkasdnfkasdhuoiusof,List(32),List(381))
Profile(91,1964-10-5,List(abcdef@facebook.com),dummy,Male,dummy,faoisyfowefhjkasdnfkasdhuoiusof,List(91),List(376, 327))
Profile(21,1967-7-31,List(abcdef@facebook.com),dummy,Female,dummy,faoisyfowefhjkasdnfkasdhuoiusof,List(21),List(382))
List(68)
Profile(68,1984-2-5,List(abcdef@facebook.com),dummy,Male,dummy,faoisyfowefhjkasdnfkasdhuoiusof,List(68),List(383, 319, 299))
List(42)
List(17)
List(44)
List(83)
Profile(44,1986-6-17,List(abcdef@facebook.com),dummy,Male,dummy,faoisyfowefhjkasdnfkasdhuoiusof,List(44),List(386))
List(24)
Profile(66,1989-1-3,List(abcdef@facebook.com),dummy,Male,dummy,faoisyfowefhjkasdnfkasdhuoiusof,List(66),List(284))
List(96)
List(52)
List(13)
Profile(96,1983-7-12,List(abcdef@facebook.com),dummy,Female,dummy,faoisyfowefhjkasdnfkasdhuoiusof,List(96),List(282, 158))
Profile(52,1987-11-19,List(abcdef@facebook.com),dummy,Female,dummy,faoisyfowefhjkasdnfkasdhuoiusof,List(52),List(388, 330, 176))
Profile(13,1991-12-19,List(abcdef@facebook.com),dummy,Male,dummy,faoisyfowefhjkasdnfkasdhuoiusof,List(13),List(389))
List(19)
List(10)
List(32)
Profile(10,1958-8-25,List(abcdef@facebook.com),dummy,Male,dummy,faoisyfowefhjkasdnfkasdhuoiusof,List(10),List(392, 308))
Profile(24,1970-12-9,List(abcdef@facebook.com),dummy,Female,dummy,faoisyfowefhjkasdnfkasdhuoiusof,List(24),List(288))
List(64)
List(92)
List(24)
Profile(92,1995-1-4,List(abcdef@facebook.com),dummy,Male,dummy,faoisyfowefhjkasdnfkasdhuoiusof,List(92),List(395))
List(70)
List(64)
Profile(70,1959-7-23,List(abcdef@facebook.com),dummy,Male,dummy,faoisyfowefhjkasdnfkasdhuoiusof,List(70),List(398, 311))
List(75)
Profile(75,1975-2-20,List(abcdef@facebook.com),dummy,Female,dummy,faoisyfowefhjkasdnfkasdhuoiusof,List(75),List(400))
List(35)
List(62)
Profile(35,1962-2-14,List(abcdef@facebook.com),dummy,Male,dummy,faoisyfowefhjkasdnfkasdhuoiusof,List(35),List(401))
Profile(62,1974-7-14,List(abcdef@facebook.com),dummy,Female,dummy,faoisyfowefhjkasdnfkasdhuoiusof,List(62),List(402, 185))
List(9)
List(63)
Profile(63,1959-7-29,List(abcdef@facebook.com),dummy,Male,dummy,faoisyfowefhjkasdnfkasdhuoiusof,List(63),List(405, 351))
List(37)
List(55)
Profile(55,1980-1-12,List(abcdef@facebook.com),dummy,Male,dummy,faoisyfowefhjkasdnfkasdhuoiusof,List(55),List(408))
List(73)
List(67)
List(53)
Profile(83,1963-12-18,List(abcdef@facebook.com),dummy,Male,dummy,faoisyfowefhjkasdnfkasdhuoiusof,List(83),List(387))
List(91)
Profile(53,1992-11-3,List(abcdef@facebook.com),dummy,Female,dummy,faoisyfowefhjkasdnfkasdhuoiusof,List(53),List(411))
List(6)
Profile(6,1972-7-9,List(abcdef@facebook.com),dummy,Female,dummy,faoisyfowefhjkasdnfkasdhuoiusof,List(6),List(412))
List(54)
List(36)
Profile(36,1976-2-10,List(abcdef@facebook.com),dummy,Female,dummy,faoisyfowefhjkasdnfkasdhuoiusof,List(36),List(415))
List(31)
List(28)
List(65)
Profile(28,1992-11-17,List(abcdef@facebook.com),dummy,Male,dummy,faoisyfowefhjkasdnfkasdhuoiusof,List(28),List(417))
List(95)
Profile(65,1980-11-26,List(abcdef@facebook.com),dummy,Female,dummy,faoisyfowefhjkasdnfkasdhuoiusof,List(65),List(418, 92))
Profile(95,1997-7-12,List(abcdef@facebook.com),dummy,Female,dummy,faoisyfowefhjkasdnfkasdhuoiusof,List(95),List(419))
List(59)
Profile(59,1983-4-17,List(abcdef@facebook.com),dummy,Female,dummy,faoisyfowefhjkasdnfkasdhuoiusof,List(59),List(420))
List(95)
List(7)
Profile(95,1997-7-12,List(abcdef@facebook.com),dummy,Female,dummy,faoisyfowefhjkasdnfkasdhuoiusof,List(95),List(421))
Profile(7,1989-1-8,List(abcdef@facebook.com),dummy,Male,dummy,faoisyfowefhjkasdnfkasdhuoiusof,List(7),List(422))
List(22)
Profile(22,1992-11-4,List(abcdef@facebook.com),dummy,Male,dummy,faoisyfowefhjkasdnfkasdhuoiusof,List(22),List(423))
List(30)
List(78)
Profile(30,1958-3-21,List(abcdef@facebook.com),dummy,Female,dummy,faoisyfowefhjkasdnfkasdhuoiusof,List(30),List(425))
List(7)
Profile(78,1991-10-4,List(abcdef@facebook.com),dummy,Female,dummy,faoisyfowefhjkasdnfkasdhuoiusof,List(78),List(426))
Profile(7,1989-1-8,List(abcdef@facebook.com),dummy,Male,dummy,faoisyfowefhjkasdnfkasdhuoiusof,List(7),List(427))
List(32)
Profile(32,1969-6-25,List(abcdef@facebook.com),dummy,Male,dummy,faoisyfowefhjkasdnfkasdhuoiusof,List(32),List(429))
List(51)
List(6)
Profile(6,1972-7-9,List(abcdef@facebook.com),dummy,Female,dummy,faoisyfowefhjkasdnfkasdhuoiusof,List(6),List(431))
List(98)
Profile(98,1982-1-30,List(abcdef@facebook.com),dummy,Female,dummy,faoisyfowefhjkasdnfkasdhuoiusof,List(98),List(432))
List(4)
List(3)
Profile(4,1992-2-2,List(abcdef@facebook.com),dummy,Female,dummy,faoisyfowefhjkasdnfkasdhuoiusof,List(4),List(433))
List(87)
Profile(67,1994-3-11,List(abcdef@facebook.com),dummy,Female,dummy,faoisyfowefhjkasdnfkasdhuoiusof,List(67),List(337, 310))
List(33)
List(5)
List(88)
List(8)
List(59)
List(13)
List(62)
List(18)
Profile(5,1991-8-7,List(abcdef@facebook.com),dummy,Female,dummy,faoisyfowefhjkasdnfkasdhuoiusof,List(5),List(437, 3))
Profile(2,1987-3-31,List(abcdef@facebook.com),dummy,Male,dummy,faoisyfowefhjkasdnfkasdhuoiusof,List(2),List(269))
List(59)
List(36)
Profile(62,1974-7-14,List(abcdef@facebook.com),dummy,Female,dummy,faoisyfowefhjkasdnfkasdhuoiusof,List(62),List(441, 185))
Profile(59,1983-4-17,List(abcdef@facebook.com),dummy,Female,dummy,faoisyfowefhjkasdnfkasdhuoiusof,List(59),List(446))
Profile(36,1976-2-10,List(abcdef@facebook.com),dummy,Female,dummy,faoisyfowefhjkasdnfkasdhuoiusof,List(36),List(447))
List(97)
List(50)
List(91)
List(71)
List(14)
List(36)
List(4)
Profile(97,1968-11-6,List(abcdef@facebook.com),dummy,Female,dummy,faoisyfowefhjkasdnfkasdhuoiusof,List(97),List(449))
List(82)
Profile(91,1964-10-5,List(abcdef@facebook.com),dummy,Male,dummy,faoisyfowefhjkasdnfkasdhuoiusof,List(91),List(451, 327))
List(62)
List(51)
Profile(87,1989-5-1,List(abcdef@facebook.com),dummy,Male,dummy,faoisyfowefhjkasdnfkasdhuoiusof,List(87),List(361, 88))
List(9)
List(78)
Profile(51,1971-9-24,List(abcdef@facebook.com),dummy,Male,dummy,faoisyfowefhjkasdnfkasdhuoiusof,List(51),List(459))
Profile(9,1971-5-29,List(abcdef@facebook.com),dummy,Female,dummy,faoisyfowefhjkasdnfkasdhuoiusof,List(9),List(461))
Profile(78,1991-10-4,List(abcdef@facebook.com),dummy,Female,dummy,faoisyfowefhjkasdnfkasdhuoiusof,List(78),List(462))
List(34)
List(1)
Profile(3,1981-3-4,List(abcdef@facebook.com),dummy,Male,dummy,faoisyfowefhjkasdnfkasdhuoiusof,List(3),List(435, 175))
List(54)
List(60)
Profile(60,1986-4-14,List(abcdef@facebook.com),dummy,Male,dummy,faoisyfowefhjkasdnfkasdhuoiusof,List(60),List(424))
List(28)
Profile(28,1992-11-17,List(abcdef@facebook.com),dummy,Male,dummy,faoisyfowefhjkasdnfkasdhuoiusof,List(28),List(466))
List(35)
Profile(35,1962-2-14,List(abcdef@facebook.com),dummy,Male,dummy,faoisyfowefhjkasdnfkasdhuoiusof,List(35),List(468))
List(75)
Profile(75,1975-2-20,List(abcdef@facebook.com),dummy,Female,dummy,faoisyfowefhjkasdnfkasdhuoiusof,List(75),List(469))
List(32)
Profile(32,1969-6-25,List(abcdef@facebook.com),dummy,Male,dummy,faoisyfowefhjkasdnfkasdhuoiusof,List(32),List(470))
List(86)
Profile(86,1975-7-29,List(abcdef@facebook.com),dummy,Female,dummy,faoisyfowefhjkasdnfkasdhuoiusof,List(86),List(471))
List(7)
Profile(7,1989-1-8,List(abcdef@facebook.com),dummy,Male,dummy,faoisyfowefhjkasdnfkasdhuoiusof,List(7),List(473))
List(56)
Profile(56,1996-10-20,List(abcdef@facebook.com),dummy,Female,dummy,faoisyfowefhjkasdnfkasdhuoiusof,List(56),List(474))
List(42)
List(61)
Profile(61,1961-3-6,List(abcdef@facebook.com),dummy,Male,dummy,faoisyfowefhjkasdnfkasdhuoiusof,List(61),List(477))
List(76)
Profile(76,1990-3-9,List(abcdef@facebook.com),dummy,Female,dummy,faoisyfowefhjkasdnfkasdhuoiusof,List(76),List(479, 321))
List(82)
List(14)
Profile(14,1989-3-31,List(abcdef@facebook.com),dummy,Male,dummy,faoisyfowefhjkasdnfkasdhuoiusof,List(14),List(481))
List(64)
List(78)
Profile(78,1991-10-4,List(abcdef@facebook.com),dummy,Female,dummy,faoisyfowefhjkasdnfkasdhuoiusof,List(78),List(484))
List(61)
Profile(61,1961-3-6,List(abcdef@facebook.com),dummy,Male,dummy,faoisyfowefhjkasdnfkasdhuoiusof,List(61),List(486))
List(60)
Profile(60,1986-4-14,List(abcdef@facebook.com),dummy,Male,dummy,faoisyfowefhjkasdnfkasdhuoiusof,List(60),List(487))
Profile(73,1986-2-12,List(abcdef@facebook.com),dummy,Male,dummy,faoisyfowefhjkasdnfkasdhuoiusof,List(73),List(409))
List(47)
List(70)
List(64)
List(44)
Profile(1,1965-4-30,List(abcdef@facebook.com),dummy,Male,dummy,faoisyfowefhjkasdnfkasdhuoiusof,List(1),List(464))
List(59)
List(38)
Profile(44,1986-6-17,List(abcdef@facebook.com),dummy,Male,dummy,faoisyfowefhjkasdnfkasdhuoiusof,List(44),List(489))
List(19)
List(91)
List(12)
List(69)
Profile(91,1964-10-5,List(abcdef@facebook.com),dummy,Male,dummy,faoisyfowefhjkasdnfkasdhuoiusof,List(91),List(488, 327))
Profile(69,1970-8-7,List(abcdef@facebook.com),dummy,Male,dummy,faoisyfowefhjkasdnfkasdhuoiusof,List(69),List(496, 314))
List(63)
Profile(12,1989-2-20,List(abcdef@facebook.com),dummy,Female,dummy,faoisyfowefhjkasdnfkasdhuoiusof,List(12),List(495))
List(92)
Profile(63,1959-7-29,List(abcdef@facebook.com),dummy,Male,dummy,faoisyfowefhjkasdnfkasdhuoiusof,List(63),List(497, 351))
List(74)
Profile(92,1995-1-4,List(abcdef@facebook.com),dummy,Male,dummy,faoisyfowefhjkasdnfkasdhuoiusof,List(92),List(498))
Profile(27,1983-2-19,List(abcdef@facebook.com),dummy,Male,dummy,faoisyfowefhjkasdnfkasdhuoiusof,List(27),List(6))
Profile(86,1975-7-29,List(abcdef@facebook.com),dummy,Female,dummy,faoisyfowefhjkasdnfkasdhuoiusof,List(86),List(7))
Profile(10,1958-8-25,List(abcdef@facebook.com),dummy,Male,dummy,faoisyfowefhjkasdnfkasdhuoiusof,List(10),List(20))
Profile(61,1961-3-6,List(abcdef@facebook.com),dummy,Male,dummy,faoisyfowefhjkasdnfkasdhuoiusof,List(61),List(10))
Profile(49,1970-8-14,List(abcdef@facebook.com),dummy,Male,dummy,faoisyfowefhjkasdnfkasdhuoiusof,List(49),List(22))
List(34)
Profile(80,1996-12-7,List(abcdef@facebook.com),dummy,Female,dummy,faoisyfowefhjkasdnfkasdhuoiusof,List(80),List(26))
Profile(70,1959-7-23,List(abcdef@facebook.com),dummy,Male,dummy,faoisyfowefhjkasdnfkasdhuoiusof,List(70),List(35))
Profile(66,1989-1-3,List(abcdef@facebook.com),dummy,Male,dummy,faoisyfowefhjkasdnfkasdhuoiusof,List(66),List(39))
Profile(54,1991-10-23,List(abcdef@facebook.com),dummy,Male,dummy,faoisyfowefhjkasdnfkasdhuoiusof,List(54),List(41))
Profile(34,1974-4-25,List(abcdef@facebook.com),dummy,Female,dummy,faoisyfowefhjkasdnfkasdhuoiusof,List(34),List(463, 5))
Profile(0,1995-3-21,List(abcdef@facebook.com),dummy,Male,dummy,faoisyfowefhjkasdnfkasdhuoiusof,List(0),List(45))
List(35)
Profile(6,1972-7-9,List(abcdef@facebook.com),dummy,Female,dummy,faoisyfowefhjkasdnfkasdhuoiusof,List(6),List(44))
Profile(9,1971-5-29,List(abcdef@facebook.com),dummy,Female,dummy,faoisyfowefhjkasdnfkasdhuoiusof,List(9),List(64))
Profile(70,1959-7-23,List(abcdef@facebook.com),dummy,Male,dummy,faoisyfowefhjkasdnfkasdhuoiusof,List(70),List(66))
Profile(9,1971-5-29,List(abcdef@facebook.com),dummy,Female,dummy,faoisyfowefhjkasdnfkasdhuoiusof,List(9),List(74))
Profile(36,1976-2-10,List(abcdef@facebook.com),dummy,Female,dummy,faoisyfowefhjkasdnfkasdhuoiusof,List(36),List(76))
List(8)
List(46)
Profile(18,1959-10-25,List(abcdef@facebook.com),dummy,Female,dummy,faoisyfowefhjkasdnfkasdhuoiusof,List(18),List(177))
Profile(69,1970-8-7,List(abcdef@facebook.com),dummy,Male,dummy,faoisyfowefhjkasdnfkasdhuoiusof,List(69),List(220))
Profile(6,1972-7-9,List(abcdef@facebook.com),dummy,Female,dummy,faoisyfowefhjkasdnfkasdhuoiusof,List(6),List(249))
Profile(67,1994-3-11,List(abcdef@facebook.com),dummy,Female,dummy,faoisyfowefhjkasdnfkasdhuoiusof,List(67),List(272))
Profile(81,1986-6-14,List(abcdef@facebook.com),dummy,Male,dummy,faoisyfowefhjkasdnfkasdhuoiusof,List(81),List(292))
Profile(70,1959-7-23,List(abcdef@facebook.com),dummy,Male,dummy,faoisyfowefhjkasdnfkasdhuoiusof,List(70),List(472, 311))
Profile(11,1983-1-18,List(abcdef@facebook.com),dummy,Female,dummy,faoisyfowefhjkasdnfkasdhuoiusof,List(11),List(301))
Profile(55,1980-1-12,List(abcdef@facebook.com),dummy,Male,dummy,faoisyfowefhjkasdnfkasdhuoiusof,List(55),List(333))
Profile(69,1970-8-7,List(abcdef@facebook.com),dummy,Male,dummy,faoisyfowefhjkasdnfkasdhuoiusof,List(69),List(352, 314))
Profile(13,1991-12-19,List(abcdef@facebook.com),dummy,Male,dummy,faoisyfowefhjkasdnfkasdhuoiusof,List(13),List(440))
Profile(36,1976-2-10,List(abcdef@facebook.com),dummy,Female,dummy,faoisyfowefhjkasdnfkasdhuoiusof,List(36),List(454))
Profile(35,1962-2-14,List(abcdef@facebook.com),dummy,Male,dummy,faoisyfowefhjkasdnfkasdhuoiusof,List(35),List(460))
Profile(21,1967-7-31,List(abcdef@facebook.com),dummy,Female,dummy,faoisyfowefhjkasdnfkasdhuoiusof,List(21),List(62))
Profile(25,1961-7-17,List(abcdef@facebook.com),dummy,Male,dummy,faoisyfowefhjkasdnfkasdhuoiusof,List(25),List(71))
Profile(73,1986-2-12,List(abcdef@facebook.com),dummy,Male,dummy,faoisyfowefhjkasdnfkasdhuoiusof,List(73),List(73))
Profile(88,1996-9-9,List(abcdef@facebook.com),dummy,Female,dummy,faoisyfowefhjkasdnfkasdhuoiusof,List(88),List(95))
Profile(68,1984-2-5,List(abcdef@facebook.com),dummy,Male,dummy,faoisyfowefhjkasdnfkasdhuoiusof,List(68),List(140))
Profile(52,1987-11-19,List(abcdef@facebook.com),dummy,Female,dummy,faoisyfowefhjkasdnfkasdhuoiusof,List(52),List(142))
Profile(8,1983-2-17,List(abcdef@facebook.com),dummy,Male,dummy,faoisyfowefhjkasdnfkasdhuoiusof,List(8),List(450, 309))
Profile(77,1972-8-11,List(abcdef@facebook.com),dummy,Male,dummy,faoisyfowefhjkasdnfkasdhuoiusof,List(77),List(84))
Profile(89,1996-1-22,List(abcdef@facebook.com),dummy,Female,dummy,faoisyfowefhjkasdnfkasdhuoiusof,List(89),List(42))
Profile(49,1970-8-14,List(abcdef@facebook.com),dummy,Male,dummy,faoisyfowefhjkasdnfkasdhuoiusof,List(49),List(23))
Profile(10,1958-8-25,List(abcdef@facebook.com),dummy,Male,dummy,faoisyfowefhjkasdnfkasdhuoiusof,List(10),List(195))
Profile(59,1983-4-17,List(abcdef@facebook.com),dummy,Female,dummy,faoisyfowefhjkasdnfkasdhuoiusof,List(59),List(490))
Profile(76,1990-3-9,List(abcdef@facebook.com),dummy,Female,dummy,faoisyfowefhjkasdnfkasdhuoiusof,List(76),List(198))
Profile(91,1964-10-5,List(abcdef@facebook.com),dummy,Male,dummy,faoisyfowefhjkasdnfkasdhuoiusof,List(91),List(201))
Profile(20,1991-12-15,List(abcdef@facebook.com),dummy,Female,dummy,faoisyfowefhjkasdnfkasdhuoiusof,List(20),List(222))
Profile(21,1967-7-31,List(abcdef@facebook.com),dummy,Female,dummy,faoisyfowefhjkasdnfkasdhuoiusof,List(21),List(226))
Profile(39,1959-3-13,List(abcdef@facebook.com),dummy,Female,dummy,faoisyfowefhjkasdnfkasdhuoiusof,List(39),List(265))
Profile(69,1970-8-7,List(abcdef@facebook.com),dummy,Male,dummy,faoisyfowefhjkasdnfkasdhuoiusof,List(69),List(149))
Profile(36,1976-2-10,List(abcdef@facebook.com),dummy,Female,dummy,faoisyfowefhjkasdnfkasdhuoiusof,List(36),List(223))
Profile(35,1962-2-14,List(abcdef@facebook.com),dummy,Male,dummy,faoisyfowefhjkasdnfkasdhuoiusof,List(35),List(197))
Profile(93,1971-7-9,List(abcdef@facebook.com),dummy,Male,dummy,faoisyfowefhjkasdnfkasdhuoiusof,List(93),List(270))
Profile(1,1965-4-30,List(abcdef@facebook.com),dummy,Male,dummy,faoisyfowefhjkasdnfkasdhuoiusof,List(1),List(275))
Profile(62,1974-7-14,List(abcdef@facebook.com),dummy,Female,dummy,faoisyfowefhjkasdnfkasdhuoiusof,List(62),List(291, 185))
Profile(60,1986-4-14,List(abcdef@facebook.com),dummy,Male,dummy,faoisyfowefhjkasdnfkasdhuoiusof,List(60),List(293))
Profile(97,1968-11-6,List(abcdef@facebook.com),dummy,Female,dummy,faoisyfowefhjkasdnfkasdhuoiusof,List(97),List(296))
Profile(28,1992-11-17,List(abcdef@facebook.com),dummy,Male,dummy,faoisyfowefhjkasdnfkasdhuoiusof,List(28),List(297))
Profile(25,1961-7-17,List(abcdef@facebook.com),dummy,Male,dummy,faoisyfowefhjkasdnfkasdhuoiusof,List(25),List(302, 93))
Profile(92,1995-1-4,List(abcdef@facebook.com),dummy,Male,dummy,faoisyfowefhjkasdnfkasdhuoiusof,List(92),List(304))
Profile(39,1959-3-13,List(abcdef@facebook.com),dummy,Female,dummy,faoisyfowefhjkasdnfkasdhuoiusof,List(39),List(305))
Profile(83,1963-12-18,List(abcdef@facebook.com),dummy,Male,dummy,faoisyfowefhjkasdnfkasdhuoiusof,List(83),List(307))
Profile(18,1959-10-25,List(abcdef@facebook.com),dummy,Female,dummy,faoisyfowefhjkasdnfkasdhuoiusof,List(18),List(343))
Profile(67,1994-3-11,List(abcdef@facebook.com),dummy,Female,dummy,faoisyfowefhjkasdnfkasdhuoiusof,List(67),List(345, 310))
Profile(51,1971-9-24,List(abcdef@facebook.com),dummy,Male,dummy,faoisyfowefhjkasdnfkasdhuoiusof,List(51),List(346))
Profile(62,1974-7-14,List(abcdef@facebook.com),dummy,Female,dummy,faoisyfowefhjkasdnfkasdhuoiusof,List(62),List(348, 185))
Profile(81,1986-6-14,List(abcdef@facebook.com),dummy,Male,dummy,faoisyfowefhjkasdnfkasdhuoiusof,List(81),List(355))
Profile(67,1994-3-11,List(abcdef@facebook.com),dummy,Female,dummy,faoisyfowefhjkasdnfkasdhuoiusof,List(67),List(357, 310))
Profile(18,1959-10-25,List(abcdef@facebook.com),dummy,Female,dummy,faoisyfowefhjkasdnfkasdhuoiusof,List(18),List(444))
Profile(50,1989-4-13,List(abcdef@facebook.com),dummy,Male,dummy,faoisyfowefhjkasdnfkasdhuoiusof,List(50),List(445))
Profile(14,1989-3-31,List(abcdef@facebook.com),dummy,Male,dummy,faoisyfowefhjkasdnfkasdhuoiusof,List(14),List(453))
Profile(4,1992-2-2,List(abcdef@facebook.com),dummy,Female,dummy,faoisyfowefhjkasdnfkasdhuoiusof,List(4),List(455))
Profile(81,1986-6-14,List(abcdef@facebook.com),dummy,Male,dummy,faoisyfowefhjkasdnfkasdhuoiusof,List(81),List(267))
Profile(68,1984-2-5,List(abcdef@facebook.com),dummy,Male,dummy,faoisyfowefhjkasdnfkasdhuoiusof,List(68),List(59))
Profile(98,1982-1-30,List(abcdef@facebook.com),dummy,Female,dummy,faoisyfowefhjkasdnfkasdhuoiusof,List(98),List(133))
Profile(76,1990-3-9,List(abcdef@facebook.com),dummy,Female,dummy,faoisyfowefhjkasdnfkasdhuoiusof,List(76),List(145))
Profile(95,1997-7-12,List(abcdef@facebook.com),dummy,Female,dummy,faoisyfowefhjkasdnfkasdhuoiusof,List(95),List(139))
Profile(69,1970-8-7,List(abcdef@facebook.com),dummy,Male,dummy,faoisyfowefhjkasdnfkasdhuoiusof,List(69),List(162))
Profile(92,1995-1-4,List(abcdef@facebook.com),dummy,Male,dummy,faoisyfowefhjkasdnfkasdhuoiusof,List(92),List(194))
Profile(90,1979-8-17,List(abcdef@facebook.com),dummy,Male,dummy,faoisyfowefhjkasdnfkasdhuoiusof,List(90),List(65))
Profile(77,1972-8-11,List(abcdef@facebook.com),dummy,Male,dummy,faoisyfowefhjkasdnfkasdhuoiusof,List(77),List(80))
Profile(75,1975-2-20,List(abcdef@facebook.com),dummy,Female,dummy,faoisyfowefhjkasdnfkasdhuoiusof,List(75),List(134))
Profile(44,1986-6-17,List(abcdef@facebook.com),dummy,Male,dummy,faoisyfowefhjkasdnfkasdhuoiusof,List(44),List(135))
Profile(56,1996-10-20,List(abcdef@facebook.com),dummy,Female,dummy,faoisyfowefhjkasdnfkasdhuoiusof,List(56),List(81))
Profile(40,1975-4-8,List(abcdef@facebook.com),dummy,Male,dummy,faoisyfowefhjkasdnfkasdhuoiusof,List(40),List(171))
Profile(75,1975-2-20,List(abcdef@facebook.com),dummy,Female,dummy,faoisyfowefhjkasdnfkasdhuoiusof,List(75),List(138))
Profile(35,1962-2-14,List(abcdef@facebook.com),dummy,Male,dummy,faoisyfowefhjkasdnfkasdhuoiusof,List(35),List(131))
Profile(55,1980-1-12,List(abcdef@facebook.com),dummy,Male,dummy,faoisyfowefhjkasdnfkasdhuoiusof,List(55),List(57))
Profile(30,1958-3-21,List(abcdef@facebook.com),dummy,Female,dummy,faoisyfowefhjkasdnfkasdhuoiusof,List(30),List(55))
